<?xml version="1.0" encoding="UTF-8"?>
<testng-results ignored="0" total="1" passed="1" failed="0" skipped="0">
  <reporter-output>
  </reporter-output>
  <suite started-at="2021-09-13T22:10:20 EDT" name="Default suite" finished-at="2021-09-13T22:10:23 EDT" duration-ms="3509">
    <groups>
    </groups>
    <test started-at="2021-09-13T22:10:20 EDT" name="Default test" finished-at="2021-09-13T22:10:23 EDT" duration-ms="3509">
      <class name="email.emailTest">
        <test-method is-config="true" signature="setUp()[pri:0, instance:email.emailTest@3d680b5a]" started-at="2021-09-13T22:10:20 EDT" name="setUp" finished-at="2021-09-13T22:10:23 EDT" duration-ms="2614" status="PASS">
          <reporter-output>
          </reporter-output>
        </test-method> <!-- setUp -->
        <test-method signature="userLogin()[pri:0, instance:email.emailTest@3d680b5a]" started-at="2021-09-13T22:10:23 EDT" name="userLogin" finished-at="2021-09-13T22:10:23 EDT" duration-ms="295" status="PASS">
          <reporter-output>
          </reporter-output>
        </test-method> <!-- userLogin -->
        <test-method is-config="true" signature="tearDown()[pri:0, instance:email.emailTest@3d680b5a]" started-at="2021-09-13T22:10:23 EDT" name="tearDown" finished-at="2021-09-13T22:10:23 EDT" duration-ms="572" status="PASS">
          <reporter-output>
          </reporter-output>
        </test-method> <!-- tearDown -->
      </class> <!-- email.emailTest -->
    </test> <!-- Default test -->
  </suite> <!-- Default suite -->
</testng-results>
